<?xml version="1.0" encoding="UTF-8"?>
<!-- Generated by org.testng.reporters.JUnitReportReporter -->
<testsuite skipped="0" hostname="Matti-PC" name="test.Dummy" tests="1" failures="0" timestamp="19 May 2019 16:00:22 GMT" time="13.580" errors="0">
  <testcase name="testClickForJSAlert" time="13.580" classname="test.Dummy"/>
</testsuite> <!-- test.Dummy -->
